<?xml version="1.0" encoding="UTF-8" ?>
<testsuite errors="0" failures="0" hostname="normanboettcher" name="generalTest.EinkaufslisteTest" skipped="0" tests="7" time="0.131" timestamp="2021-10-08T13:48:52">
  <properties>
    <property name="release.dir" value="release" />
    <property name="ant.library.dir" value="/home/norman/Dokumente/Eclipse EE/eclipse/plugins/org.apache.ant_1.10.10.v20210426-1926/lib" />
    <property name="testsource.dir" value="src/test/java" />
    <property name="java.specification.version" value="16" />
    <property name="ant.project.name" value="GroceryComparator" />
    <property name="sun.jnu.encoding" value="UTF-8" />
    <property name="java.class.path" value="/home/norman/Schreibtisch/Projekt/MyRecipe/build/test:/home/norman/Schreibtisch/Projekt/MyRecipe/build/src:/home/norman/Schreibtisch/Projekt/MyRecipe/src/main/webapp/WEB-INF/lib/annotations-api.jar:/home/norman/Schreibtisch/Projekt/MyRecipe/src/main/webapp/WEB-INF/lib/catalina-ant.jar:/home/norman/Schreibtisch/Projekt/MyRecipe/src/main/webapp/WEB-INF/lib/catalina-ha.jar:/home/norman/Schreibtisch/Projekt/MyRecipe/src/main/webapp/WEB-INF/lib/catalina-storeconfig.jar:/home/norman/Schreibtisch/Projekt/MyRecipe/src/main/webapp/WEB-INF/lib/catalina-tribes.jar:/home/norman/Schreibtisch/Projekt/MyRecipe/src/main/webapp/WEB-INF/lib/catalina.jar:/home/norman/Schreibtisch/Projekt/MyRecipe/src/main/webapp/WEB-INF/lib/el-api.jar:/home/norman/Schreibtisch/Projekt/MyRecipe/src/main/webapp/WEB-INF/lib/jasper-el.jar:/home/norman/Schreibtisch/Projekt/MyRecipe/src/main/webapp/WEB-INF/lib/jasper.jar:/home/norman/Schreibtisch/Projekt/MyRecipe/src/main/webapp/WEB-INF/lib/jaspic-api.jar:/home/norman/Schreibtisch/Projekt/MyRecipe/src/main/webapp/WEB-INF/lib/jsp-api.jar:/home/norman/Schreibtisch/Projekt/MyRecipe/src/main/webapp/WEB-INF/lib/jstl-1.2.jar:/home/norman/Schreibtisch/Projekt/MyRecipe/src/main/webapp/WEB-INF/lib/mycbr.jar:/home/norman/Schreibtisch/Projekt/MyRecipe/src/main/webapp/WEB-INF/lib/org.hamcrest.core_1.3.0.v20180420-1519.jar:/home/norman/Schreibtisch/Projekt/MyRecipe/src/main/webapp/WEB-INF/lib/org.junit_4.13.0.v20200204-1500.jar:/home/norman/Schreibtisch/Projekt/MyRecipe/src/main/webapp/WEB-INF/lib/postgresql-9.3-1100.jdbc4.jar:/home/norman/Schreibtisch/Projekt/MyRecipe/src/main/webapp/WEB-INF/lib/servlet-api.jar:/home/norman/Schreibtisch/Projekt/MyRecipe/src/main/webapp/WEB-INF/lib/tomcat-api.jar:/home/norman/Schreibtisch/Projekt/MyRecipe/src/main/webapp/WEB-INF/lib/tomcat-coyote.jar:/home/norman/Schreibtisch/Projekt/MyRecipe/src/main/webapp/WEB-INF/lib/tomcat-dbcp.jar:/home/norman/Schreibtisch/Projekt/MyRecipe/src/main/webapp/WEB-INF/lib/tomcat-i18n-es.jar:/home/norman/Schreibtisch/Projekt/MyRecipe/src/main/webapp/WEB-INF/lib/tomcat-i18n-fr.jar:/home/norman/Schreibtisch/Projekt/MyRecipe/src/main/webapp/WEB-INF/lib/tomcat-i18n-ja.jar:/home/norman/Schreibtisch/Projekt/MyRecipe/src/main/webapp/WEB-INF/lib/tomcat-i18n-ru.jar:/home/norman/Schreibtisch/Projekt/MyRecipe/src/main/webapp/WEB-INF/lib/tomcat-jdbc.jar:/home/norman/Schreibtisch/Projekt/MyRecipe/src/main/webapp/WEB-INF/lib/tomcat-jni.jar:/home/norman/Schreibtisch/Projekt/MyRecipe/src/main/webapp/WEB-INF/lib/tomcat-util-scan.jar:/home/norman/Schreibtisch/Projekt/MyRecipe/src/main/webapp/WEB-INF/lib/tomcat-util.jar:/home/norman/Schreibtisch/Projekt/MyRecipe/src/main/webapp/WEB-INF/lib/tomcat-websocket.jar:/home/norman/Schreibtisch/Projekt/MyRecipe/src/main/webapp/WEB-INF/lib/websocket-api.jar:/home/norman/Dokumente/Eclipse EE/eclipse/plugins/org.apache.ant_1.10.10.v20210426-1926/lib/ant-launcher.jar:/home/norman/Dokumente/Eclipse EE/eclipse/plugins/org.apache.ant_1.10.10.v20210426-1926/lib/ant.jar:/home/norman/Dokumente/Eclipse EE/eclipse/plugins/org.apache.ant_1.10.10.v20210426-1926/lib/ant-junit.jar:/home/norman/Dokumente/Eclipse EE/eclipse/plugins/org.apache.ant_1.10.10.v20210426-1926/lib/ant-junit4.jar" />
    <property name="java.vm.vendor" value="Oracle Corporation" />
    <property name="sun.arch.data.model" value="64" />
    <property name="appname" value="MyRecipe" />
    <property name="java.vendor.url" value="https://java.oracle.com/" />
    <property name="source.dir" value="src/main/java" />
    <property name="os.name" value="Linux" />
    <property name="java.vm.specification.version" value="16" />
    <property name="user.country" value="DE" />
    <property name="sun.java.launcher" value="SUN_STANDARD" />
    <property name="sun.boot.library.path" value="/home/norman/Dokumente/Eclipse EE/eclipse/plugins/org.eclipse.justj.openjdk.hotspot.jre.full.linux.x86_64_16.0.1.v20210528-1205/jre/lib" />
    <property name="sun.java.command" value="org.apache.tools.ant.taskdefs.optional.junit.JUnitTestRunner generalTest.EinkaufslisteTest skipNonTests=false filtertrace=true haltOnError=false haltOnFailure=false formatter=org.apache.tools.ant.taskdefs.optional.junit.SummaryJUnitResultFormatter showoutput=true outputtoformatters=true logfailedtests=true threadid=0 logtestlistenerevents=false formatter=org.apache.tools.ant.taskdefs.optional.junit.BriefJUnitResultFormatter,/home/norman/Schreibtisch/Projekt/MyRecipe/generated-reports/TEST-generalTest.EinkaufslisteTest.txt formatter=org.apache.tools.ant.taskdefs.optional.junit.XMLJUnitResultFormatter,/home/norman/Schreibtisch/Projekt/MyRecipe/generated-reports/TEST-generalTest.EinkaufslisteTest.xml crashfile=/home/norman/Schreibtisch/Projekt/MyRecipe/junitvmwatcher15522697642761602073.properties propsfile=/home/norman/Schreibtisch/Projekt/MyRecipe/junit6553720254823551404.properties" />
    <property name="jdk.debug" value="release" />
    <property name="sun.cpu.endian" value="little" />
    <property name="user.home" value="/home/norman" />
    <property name="user.language" value="de" />
    <property name="eclipse.pdebuild.templates" value="/home/norman/Dokumente/Eclipse EE/eclipse/plugins/org.eclipse.pde.build_3.11.0.v20210429-0618/templates" />
    <property name="java.specification.vendor" value="Oracle Corporation" />
    <property name="java.version.date" value="2021-04-20" />
    <property name="java.home" value="/home/norman/Dokumente/Eclipse EE/eclipse/plugins/org.eclipse.justj.openjdk.hotspot.jre.full.linux.x86_64_16.0.1.v20210528-1205/jre" />
    <property name="testsource.dir.present" value="true" />
    <property name="basedir" value="/home/norman/Schreibtisch/Projekt/MyRecipe" />
    <property name="file.separator" value="/" />
    <property name="eclipse.pdebuild.home" value="/home/norman/Dokumente/Eclipse EE/eclipse/plugins/org.eclipse.pde.build_3.11.0.v20210429-0618/." />
    <property name="java.vm.compressedOopsMode" value="32-bit" />
    <property name="line.separator" value="&#xa;" />
    <property name="ant.java.version" value="16" />
    <property name="java.specification.name" value="Java Platform API Specification" />
    <property name="java.vm.specification.vendor" value="Oracle Corporation" />
    <property name="doc.dir" value="doc" />
    <property name="sun.management.compiler" value="HotSpot 64-Bit Tiered Compilers" />
    <property name="java.runtime.version" value="16.0.1+9-24" />
    <property name="user.name" value="norman" />
    <property name="ant.file" value="/home/norman/Schreibtisch/Projekt/MyRecipe/build.xml" />
    <property name="path.separator" value=":" />
    <property name="os.version" value="5.11.0-37-generic" />
    <property name="java.runtime.name" value="OpenJDK Runtime Environment" />
    <property name="ant.file.GroceryComparator" value="/home/norman/Schreibtisch/Projekt/MyRecipe/build.xml" />
    <property name="ant.project.invoked-targets" value="release" />
    <property name="file.encoding" value="UTF-8" />
    <property name="java.vm.name" value="OpenJDK 64-Bit Server VM" />
    <property name="report.dir" value="generated-reports" />
    <property name="ant.core.lib" value="/home/norman/Dokumente/Eclipse EE/eclipse/plugins/org.apache.ant_1.10.10.v20210426-1926/lib/ant.jar" />
    <property name="build.dir" value="build" />
    <property name="java.vendor.url.bug" value="https://bugreport.java.com/bugreport/" />
    <property name="java.io.tmpdir" value="/tmp" />
    <property name="ant.file.type.GroceryComparator" value="file" />
    <property name="java.version" value="16.0.1" />
    <property name="user.dir" value="/home/norman/Schreibtisch/Projekt/MyRecipe" />
    <property name="os.arch" value="amd64" />
    <property name="java.vm.specification.name" value="Java Virtual Machine Specification" />
    <property name="ant.home" value="/home/norman/Dokumente/Eclipse EE/eclipse/plugins/org.apache.ant_1.10.10.v20210426-1926" />
    <property name="ant.version" value="Apache Ant(TM) version 1.10.10 compiled on April 12 2021" />
    <property name="eclipse.pdebuild.scripts" value="/home/norman/Dokumente/Eclipse EE/eclipse/plugins/org.eclipse.pde.build_3.11.0.v20210429-0618/scripts" />
    <property name="java.library.path" value="/usr/java/packages/lib:/usr/lib64:/lib64:/lib:/usr/lib" />
    <property name="java.vendor" value="Oracle Corporation" />
    <property name="java.vm.info" value="mixed mode" />
    <property name="java.vm.version" value="16.0.1+9-24" />
    <property name="sun.io.unicode.encoding" value="UnicodeLittle" />
    <property name="java.class.version" value="60.0" />
    <property name="ant.project.default-target" value="release" />
  </properties>
  <testcase classname="generalTest.EinkaufslisteTest" name="getProdukteMitMengeTest" time="0.005" />
  <testcase classname="generalTest.EinkaufslisteTest" name="getProduktlisteTest" time="0.0" />
  <testcase classname="generalTest.EinkaufslisteTest" name="loescheProdukteVonListeTest" time="0.001" />
  <testcase classname="generalTest.EinkaufslisteTest" name="getEinkaufslisteDateTest" time="0.001" />
  <testcase classname="generalTest.EinkaufslisteTest" name="getEinkaufslisteIDTest" time="0.001" />
  <testcase classname="generalTest.EinkaufslisteTest" name="berechneGesamtPreisTest" time="0.001" />
  <testcase classname="generalTest.EinkaufslisteTest" name="getUserTest" time="0.001" />
  <system-out><![CDATA[]]></system-out>
  <system-err><![CDATA[]]></system-err>
</testsuite>
